[02:37:06] [main/INFO] (FabricLoader) Loading for game Minecraft 1.16-pre2
[02:37:07] [main/INFO] (Fabric|Loader) [FabricLoader] Loading 36 mods: fabric-renderer-api-v1@0.2.13+eae12eb8b2, minecraft@1.16-rc.2, fabric-networking-blockentity-v0@0.2.5+b50ffc7bb2, fabric-keybindings-v0@0.1.2+4a08d6b2b2, fabric-command-api-v1@1.0.6+4e84b64fb2, fabricloader@0.8.7+build.201, fabric-tool-attribute-api-v1@1.1.2+f6620c48b2, fabric-renderer-indigo@0.3.0+4a01746cb2, usersmanual@0.1.0, fabric-containers-v0@0.1.7+d249f7b6b2, fabric-object-builder-api-v1@1.5.3+346247d7b2, fabric-biomes-v1@0.2.6+d6bf72d5b2, fabric-events-interaction-v0@0.3.1+6d41837ab2, fabric-crash-report-info-v1@0.1.2+b7f9825db2, fabric-api-base@0.1.3+12a8474cb2, fabric-rendering-v0@1.1.0+53410490b2, fabric-rendering-v1@1.1.2+346247d7b2, fabric-rendering-data-attachment-v1@0.1.3+b7f9825db2, fabric-resource-loader-v0@0.2.4+4e84b64fb2, fabric-textures-v0@1.0.4+eae12eb8b2, fabric-content-registries-v0@0.1.8+0d474ec4b2, fabric-tag-extensions-v0@0.2.4+2fd224cab2, fabric-rendering-fluids-v1@0.1.7+12a8474cb2, fabric-registry-sync-v0@0.3.6+8779c4a3b2, fabric-commands-v0@0.2.0+52d30836b2, fabric-blockrenderlayer-v1@1.1.4+c6a8ea89b2, fabric-mining-levels-v0@0.1.2+b764ce99b2, fabric-renderer-registries-v1@2.0.1+5a0f9a60b2, fabric-loot-tables-v1@0.1.9+0d474ec4b2, fabric-events-lifecycle-v0@0.1.3+0d474ec4b2, fabric@0.11.7+build.356-1.16, fabric-models-v0@0.1.0+dfdb52d6b2, fabric-particles-v1@0.1.3+4a08d6b2b2, fabric-item-groups-v0@0.1.12+63435d4bb2, fabric-object-builders-v0@0.6.0+da175ad6b2, fabric-networking-v0@0.1.9+1a47cd78b2
[02:37:07] [main/INFO] (mixin) SpongePowered MIXIN Subsystem Version=0.8 Source=file:/home/x/.gradle/caches/modules-2/files-2.1/net.fabricmc/sponge-mixin/0.8+build.18/af077ad2845a00cde186fa2c99c4dd32bd2a2766/sponge-mixin-0.8+build.18.jar Service=Knot/Fabric Env=CLIENT
[02:37:07] [main/INFO] (Fabric|MixinBootstrap) Loaded Fabric development mappings for mixin remapper!
[02:37:07] [main/INFO] (mixin) Remapping refMap fabric-networking-v0-refmap.json using remapper chain
[02:37:07] [main/INFO] (mixin) Remapping refMap fabric-networking-blockentity-v0-refmap.json using remapper chain
[02:37:07] [main/INFO] (mixin) Remapping refMap fabric-biomes-v1-refmap.json using remapper chain
[02:37:07] [main/INFO] (mixin) Remapping refMap fabric-containers-v0-refmap.json using remapper chain
[02:37:07] [main/INFO] (mixin) Remapping refMap fabric-renderer-indigo-refmap.json using remapper chain
[02:37:07] [main/INFO] (mixin) Remapping refMap fabric-rendering-data-attachment-v1-refmap.json using remapper chain
[02:37:07] [main/INFO] (mixin) Remapping refMap fabric-events-interaction-v0-refmap.json using remapper chain
[02:37:07] [main/INFO] (mixin) Remapping refMap fabric-loot-tables-v1-refmap.json using remapper chain
[02:37:07] [main/INFO] (mixin) Remapping refMap fabric-object-builder-api-v1-refmap.json using remapper chain
[02:37:07] [main/INFO] (mixin) Remapping refMap fabric-renderer-registries-v1-refmap.json using remapper chain
[02:37:07] [main/INFO] (mixin) Remapping refMap fabric-textures-v0-refmap.json using remapper chain
[02:37:07] [main/INFO] (mixin) Remapping refMap fabric-registry-sync-v0-refmap.json using remapper chain
[02:37:07] [main/INFO] (mixin) Remapping refMap fabric-models-v0-refmap.json using remapper chain
[02:37:07] [main/INFO] (mixin) Remapping refMap fabric-keybindings-v0-refmap.json using remapper chain
[02:37:07] [main/INFO] (mixin) Remapping refMap fabric-blockrenderlayer-v1-refmap.json using remapper chain
[02:37:07] [main/INFO] (mixin) Remapping refMap fabric-renderer-api-v1-refmap.json using remapper chain
[02:37:07] [main/INFO] (mixin) Remapping refMap fabric-containers-v0-refmap.json using remapper chain
[02:37:07] [main/INFO] (mixin) Remapping refMap fabric-events-lifecycle-v0-refmap.json using remapper chain
[02:37:07] [main/INFO] (mixin) Remapping refMap fabric-rendering-fluids-v1-refmap.json using remapper chain
[02:37:07] [main/INFO] (mixin) Remapping refMap fabric-resource-loader-v0-refmap.json using remapper chain
[02:37:07] [main/INFO] (mixin) Remapping refMap fabric-particles-v1-refmap.json using remapper chain
[02:37:07] [main/INFO] (mixin) Remapping refMap fabric-object-builders-refmap.json using remapper chain
[02:37:07] [main/INFO] (mixin) Remapping refMap fabric-tag-extensions-v0-refmap.json using remapper chain
[02:37:07] [main/INFO] (mixin) Remapping refMap fabric-tool-attribute-api-v1-refmap.json using remapper chain
[02:37:07] [main/INFO] (mixin) Remapping refMap fabric-rendering-v1-refmap.json using remapper chain
[02:37:07] [main/INFO] (mixin) Remapping refMap fabric-item-groups-v0-refmap.json using remapper chain
[02:37:07] [main/INFO] (mixin) Remapping refMap fabric-content-registries-v0-refmap.json using remapper chain
[02:37:07] [main/INFO] (mixin) Remapping refMap fabric-command-api-v1-refmap.json using remapper chain
[02:37:07] [main/INFO] (mixin) Remapping refMap fabric-crash-report-info-v1-refmap.json using remapper chain
[02:37:07] [main/INFO] (mixin) Remapping refMap fabric-renderer-api-v1-refmap.json using remapper chain
[02:37:07] [main/WARN] (mixin) @Mixin target net/minecraft/server/world/ThreadedAnvilChunkStorage$EntityTracker is public in fabric-networking-v0.mixins.json:MixinEntityTracker and should be specified in value
[02:37:07] [main/WARN] (mixin) @Mixin target net/minecraft/client/render/block/BlockModelRenderer$AmbientOcclusionCalculator is public in fabric-renderer-indigo.mixins.json:MixinAmbientOcclusionCalculator and should be specified in value
[02:37:07] [main/WARN] (mixin) @Mixin target net/minecraft/client/render/chunk/ChunkBuilder$BuiltChunk$RebuildTask is public in fabric-renderer-indigo.mixins.json:MixinChunkRebuildTask and should be specified in value
[02:37:07] [main/WARN] (mixin) @Mixin target net/minecraft/tag/Tag$1 is public in fabric-tag-extensions-v0.mixins.json:MixinTagImpl and should be specified in value
[02:37:07] [main/WARN] (mixin) @Mixin target net/minecraft/tag/GlobalTagAccessor$CachedTag is public in fabric-tag-extensions-v0.mixins.json:MixinTagImpl and should be specified in value
[02:37:10] [main/ERROR] (Minecraft) Unknown biome, defaulting to plains
[02:37:10] [main/INFO] (Minecraft) Environment: authHost='https://authserver.mojang.com', accountsHost='https://api.mojang.com', sessionHost='https://sessionserver.mojang.com', name='PROD'
[02:37:10] [main/INFO] (Minecraft) Setting user: Player800
[02:37:10] [main/INFO] (Indigo) [Indigo] Registering Indigo renderer!
[02:37:11] [main/INFO] (Minecraft) Backend library: LWJGL version 3.2.2 build 10
[02:37:12] [main/INFO] (Minecraft) Narrator library successfully loaded
[02:37:12] [main/INFO] (Minecraft) Reloading ResourceManager: Default, Fabric Renderer API (v1), Fabric Networking Block Entity (v0), Fabric Key Bindings (v0), Fabric Tool Attribute API (v1), Fabric Renderer - Indigo, user's manual, Fabric Containers (v0), Fabric Object Builder API (v1), Fabric Biomes (v1), Fabric Events Interaction (v0), Fabric Crash Report Info (v1), Fabric API Base, Fabric Rendering (v0), Fabric Rendering (v1), Fabric Rendering Data Attachment (v1), Fabric Resource Loader (v0), Fabric Textures (v0), Fabric Content Registries (v0), Fabric Tag Extensions (v0), Fabric Rendering Fluids (v1), Fabric Registry Sync (v0), Fabric BlockRenderLayer Registration (v1), Fabric Mining Levels (v0), Fabric Renderer Registries (v1), Fabric Loot Tables (v1), Fabric Events Lifecycle (v0), Fabric API, Fabric Models (v0), Fabric Item Groups (v0), Fabric Object Builders (v0), Fabric Networking (v0)
[02:37:13] [Realms Notification Availability checker #1/INFO] (Minecraft) Could not authorize you against Realms server: Invalid session id
[02:37:15] [main/INFO] (Minecraft) OpenAL initialized.
[02:37:15] [main/INFO] (Minecraft) Sound engine started
[02:37:15] [main/INFO] (Minecraft) Created: 1024x1024x4 minecraft:textures/atlas/blocks.png-atlas
[02:37:15] [main/INFO] (Minecraft) Created: 256x128x4 minecraft:textures/atlas/signs.png-atlas
[02:37:15] [main/INFO] (Minecraft) Created: 1024x512x4 minecraft:textures/atlas/banner_patterns.png-atlas
[02:37:15] [main/INFO] (Minecraft) Created: 1024x512x4 minecraft:textures/atlas/shield_patterns.png-atlas
[02:37:15] [main/INFO] (Minecraft) Created: 256x256x4 minecraft:textures/atlas/chest.png-atlas
[02:37:15] [main/INFO] (Minecraft) Created: 512x256x4 minecraft:textures/atlas/beds.png-atlas
[02:37:15] [main/INFO] (Minecraft) Created: 512x256x4 minecraft:textures/atlas/shulker_boxes.png-atlas
[02:37:15] [main/INFO] (Minecraft) Created: 256x256x0 minecraft:textures/atlas/particles.png-atlas
[02:37:15] [main/INFO] (Minecraft) Created: 256x256x0 minecraft:textures/atlas/paintings.png-atlas
[02:37:15] [main/INFO] (Minecraft) Created: 256x128x0 minecraft:textures/atlas/mob_effects.png-atlas
[02:38:00] [main/INFO] (Minecraft) Reloading ResourceManager: Default, Fabric Renderer API (v1), Fabric Networking Block Entity (v0), Fabric Key Bindings (v0), Fabric Tool Attribute API (v1), Fabric Renderer - Indigo, user's manual, Fabric Containers (v0), Fabric Object Builder API (v1), Fabric Biomes (v1), Fabric Events Interaction (v0), Fabric Crash Report Info (v1), Fabric API Base, Fabric Rendering (v0), Fabric Rendering (v1), Fabric Rendering Data Attachment (v1), Fabric Resource Loader (v0), Fabric Textures (v0), Fabric Content Registries (v0), Fabric Tag Extensions (v0), Fabric Rendering Fluids (v1), Fabric Registry Sync (v0), Fabric BlockRenderLayer Registration (v1), Fabric Mining Levels (v0), Fabric Renderer Registries (v1), Fabric Loot Tables (v1), Fabric Events Lifecycle (v0), Fabric API, Fabric Models (v0), Fabric Item Groups (v0), Fabric Object Builders (v0), Fabric Networking (v0), Fabric Renderer API (v1), Fabric Networking Block Entity (v0), Fabric Key Bindings (v0), Fabric Tool Attribute API (v1), Fabric Renderer - Indigo, user's manual, Fabric Containers (v0), Fabric Object Builder API (v1), Fabric Biomes (v1), Fabric Events Interaction (v0), Fabric Crash Report Info (v1), Fabric API Base, Fabric Rendering (v0), Fabric Rendering (v1), Fabric Rendering Data Attachment (v1), Fabric Resource Loader (v0), Fabric Textures (v0), Fabric Content Registries (v0), Fabric Tag Extensions (v0), Fabric Rendering Fluids (v1), Fabric Registry Sync (v0), Fabric BlockRenderLayer Registration (v1), Fabric Mining Levels (v0), Fabric Renderer Registries (v1), Fabric Loot Tables (v1), Fabric Events Lifecycle (v0), Fabric API, Fabric Models (v0), Fabric Item Groups (v0), Fabric Object Builders (v0), Fabric Networking (v0)
[02:38:02] [main/INFO] (Minecraft) OpenAL initialized.
[02:38:02] [main/INFO] (Minecraft) Sound engine started
[02:38:02] [main/INFO] (Minecraft) Created: 1024x1024x0 minecraft:textures/atlas/blocks.png-atlas
[02:38:02] [main/INFO] (Minecraft) Created: 256x128x0 minecraft:textures/atlas/signs.png-atlas
[02:38:02] [main/INFO] (Minecraft) Created: 1024x512x0 minecraft:textures/atlas/banner_patterns.png-atlas
[02:38:02] [main/INFO] (Minecraft) Created: 1024x512x0 minecraft:textures/atlas/shield_patterns.png-atlas
[02:38:02] [main/INFO] (Minecraft) Created: 256x256x0 minecraft:textures/atlas/chest.png-atlas
[02:38:02] [main/INFO] (Minecraft) Created: 512x256x0 minecraft:textures/atlas/beds.png-atlas
[02:38:02] [main/INFO] (Minecraft) Created: 512x256x0 minecraft:textures/atlas/shulker_boxes.png-atlas
[02:38:02] [main/INFO] (Minecraft) Created: 256x256x0 minecraft:textures/atlas/particles.png-atlas
[02:38:02] [main/INFO] (Minecraft) Created: 256x256x0 minecraft:textures/atlas/paintings.png-atlas
[02:38:02] [main/INFO] (Minecraft) Created: 256x128x0 minecraft:textures/atlas/mob_effects.png-atlas
[02:39:30] [main/WARN] (Minecraft) Ambiguity between arguments [teleport, destination] and [teleport, targets] with inputs: [Player, 0123, @e, dd12be42-52a9-4a91-a8a1-11c01849e498]
[02:39:30] [main/WARN] (Minecraft) Ambiguity between arguments [teleport, location] and [teleport, destination] with inputs: [0.1 -0.5 .9, 0 0 0]
[02:39:30] [main/WARN] (Minecraft) Ambiguity between arguments [teleport, location] and [teleport, targets] with inputs: [0.1 -0.5 .9, 0 0 0]
[02:39:30] [main/WARN] (Minecraft) Ambiguity between arguments [teleport, targets] and [teleport, destination] with inputs: [Player, 0123, dd12be42-52a9-4a91-a8a1-11c01849e498]
[02:39:30] [main/WARN] (Minecraft) Ambiguity between arguments [teleport, targets, location] and [teleport, targets, destination] with inputs: [0.1 -0.5 .9, 0 0 0]
[02:39:30] [main/INFO] (Minecraft) Reloading ResourceManager: Default, Fabric Renderer API (v1), Fabric Networking Block Entity (v0), Fabric Key Bindings (v0), Fabric Tool Attribute API (v1), Fabric Renderer - Indigo, user's manual, Fabric Containers (v0), Fabric Object Builder API (v1), Fabric Biomes (v1), Fabric Events Interaction (v0), Fabric Crash Report Info (v1), Fabric API Base, Fabric Rendering (v0), Fabric Rendering (v1), Fabric Rendering Data Attachment (v1), Fabric Resource Loader (v0), Fabric Textures (v0), Fabric Content Registries (v0), Fabric Tag Extensions (v0), Fabric Rendering Fluids (v1), Fabric Registry Sync (v0), Fabric BlockRenderLayer Registration (v1), Fabric Mining Levels (v0), Fabric Renderer Registries (v1), Fabric Loot Tables (v1), Fabric Events Lifecycle (v0), Fabric API, Fabric Models (v0), Fabric Item Groups (v0), Fabric Object Builders (v0), Fabric Networking (v0), Fabric Tool Attribute API (v1)
[02:39:31] [main/INFO] (Minecraft) Loaded 7 recipes
[02:39:31] [main/INFO] (Minecraft) Loaded 927 advancements
[02:39:31] [main/INFO] (Minecraft) Environment: authHost='https://authserver.mojang.com', accountsHost='https://api.mojang.com', sessionHost='https://sessionserver.mojang.com', name='PROD'
[02:39:31] [Server thread/INFO] (Minecraft) Starting integrated minecraft server version 1.16 Pre-release 2
[02:39:31] [Server thread/INFO] (Minecraft) Generating keypair
[02:39:34] [Server thread/INFO] (Minecraft) Preparing start region for dimension minecraft:overworld
[02:39:34] [main/INFO] (Minecraft) Preparing spawn area: 0%
[02:39:35] [main/INFO] (Minecraft) Preparing spawn area: 0%
[02:39:35] [main/INFO] (Minecraft) Preparing spawn area: 0%
[02:39:36] [main/INFO] (Minecraft) Preparing spawn area: 3%
[02:39:36] [main/INFO] (Minecraft) Preparing spawn area: 5%
[02:39:37] [main/INFO] (Minecraft) Preparing spawn area: 8%
[02:39:37] [main/INFO] (Minecraft) Preparing spawn area: 12%
[02:39:38] [main/INFO] (Minecraft) Preparing spawn area: 15%
[02:39:38] [main/INFO] (Minecraft) Preparing spawn area: 17%
[02:39:39] [main/INFO] (Minecraft) Preparing spawn area: 22%
[02:39:39] [main/INFO] (Minecraft) Preparing spawn area: 25%
[02:39:40] [main/INFO] (Minecraft) Preparing spawn area: 28%
[02:39:40] [main/INFO] (Minecraft) Preparing spawn area: 32%
[02:39:41] [main/INFO] (Minecraft) Preparing spawn area: 35%
[02:39:41] [main/INFO] (Minecraft) Preparing spawn area: 39%
[02:39:42] [main/INFO] (Minecraft) Preparing spawn area: 42%
[02:39:42] [main/INFO] (Minecraft) Preparing spawn area: 45%
[02:39:43] [main/INFO] (Minecraft) Preparing spawn area: 49%
[02:39:43] [main/INFO] (Minecraft) Preparing spawn area: 53%
[02:39:44] [main/INFO] (Minecraft) Preparing spawn area: 57%
[02:39:44] [main/INFO] (Minecraft) Preparing spawn area: 60%
[02:39:45] [main/INFO] (Minecraft) Preparing spawn area: 64%
[02:39:45] [main/INFO] (Minecraft) Preparing spawn area: 67%
[02:39:46] [main/INFO] (Minecraft) Preparing spawn area: 71%
[02:39:46] [main/INFO] (Minecraft) Preparing spawn area: 73%
[02:39:47] [main/INFO] (Minecraft) Preparing spawn area: 78%
[02:39:47] [main/INFO] (Minecraft) Preparing spawn area: 82%
[02:39:48] [main/INFO] (Minecraft) Preparing spawn area: 85%
[02:39:48] [main/INFO] (Minecraft) Preparing spawn area: 88%
[02:39:49] [main/INFO] (Minecraft) Preparing spawn area: 91%
[02:39:49] [main/INFO] (Minecraft) Preparing spawn area: 96%
[02:39:50] [main/INFO] (Minecraft) Time elapsed: 15404 ms
[02:39:50] [Server thread/INFO] (Minecraft) Changing view distance to 11, from 10
[02:39:51] [Server thread/INFO] (Minecraft) Player800[local:E:524cb4b8] logged in with entity id 287 at (229.5, 63.0, -65.5)
[02:39:51] [Server thread/INFO] (Minecraft) Player800 joined the game
[02:39:51] [Server thread/INFO] (Minecraft) Saving and pausing game...
[02:39:51] [Server thread/INFO] (Minecraft) Saving chunks for level 'ServerLevel[world]'/minecraft:overworld
[02:39:51] [main/INFO] (Minecraft) Loaded 0 advancements
[02:39:52] [Server thread/INFO] (Minecraft) Saving chunks for level 'ServerLevel[world]'/minecraft:the_nether
[02:39:52] [Server thread/INFO] (Minecraft) Saving chunks for level 'ServerLevel[world]'/minecraft:the_end
[02:42:16] [main/INFO] (Minecraft) Loaded 7 advancements
[02:42:49] [Server thread/INFO] (Minecraft) [Player800: Changed the block at 365, 71, -109]
[02:42:49] [main/INFO] (Minecraft) [CHAT] Changed the block at 365, 71, -109
[02:42:55] [Server thread/INFO] (Minecraft) [Player800: Changed the block at 365, 71, -108]
[02:42:55] [main/INFO] (Minecraft) [CHAT] Changed the block at 365, 71, -108
[02:43:05] [Server thread/INFO] (Minecraft) [Player800: Changed the block at 365, 71, -110]
[02:43:05] [main/INFO] (Minecraft) [CHAT] Changed the block at 365, 71, -110
[02:43:13] [main/INFO] (Minecraft) Loaded 11 advancements
[02:44:32] [main/WARN] (Minecraft) Unable to play empty soundEvent: minecraft:entity.salmon.ambient
[02:45:01] [Server thread/INFO] (Minecraft) Saving and pausing game...
[02:45:01] [Server thread/INFO] (Minecraft) Saving chunks for level 'ServerLevel[world]'/minecraft:overworld
[02:45:01] [Server thread/INFO] (Minecraft) Saving chunks for level 'ServerLevel[world]'/minecraft:the_nether
[02:45:01] [Server thread/INFO] (Minecraft) Saving chunks for level 'ServerLevel[world]'/minecraft:the_end
[02:45:01] [Server thread/INFO] (Minecraft) Player800 lost connection: Disconnected
[02:45:01] [Server thread/INFO] (Minecraft) Player800 left the game
[02:45:01] [Server thread/INFO] (Minecraft) Stopping singleplayer server as player logged out
[02:45:01] [Server thread/INFO] (Minecraft) Stopping server
[02:45:01] [Server thread/INFO] (Minecraft) Saving players
[02:45:01] [Server thread/INFO] (Minecraft) Saving worlds
[02:45:01] [Server thread/INFO] (Minecraft) Saving chunks for level 'ServerLevel[world]'/minecraft:overworld
[02:45:03] [Server thread/INFO] (Minecraft) ThreadedAnvilChunkStorage (world): All chunks are saved
[02:45:03] [Server thread/INFO] (Minecraft) Saving chunks for level 'ServerLevel[world]'/minecraft:the_nether
[02:45:03] [Server thread/INFO] (Minecraft) ThreadedAnvilChunkStorage (DIM-1): All chunks are saved
[02:45:03] [Server thread/INFO] (Minecraft) Saving chunks for level 'ServerLevel[world]'/minecraft:the_end
[02:45:03] [Server thread/INFO] (Minecraft) ThreadedAnvilChunkStorage (DIM1): All chunks are saved
[02:45:04] [Server thread/INFO] (Minecraft) ThreadedAnvilChunkStorage (world): All chunks are saved
[02:45:04] [Server thread/INFO] (Minecraft) ThreadedAnvilChunkStorage (DIM-1): All chunks are saved
[02:45:04] [Server thread/INFO] (Minecraft) ThreadedAnvilChunkStorage (DIM1): All chunks are saved
[02:45:06] [main/INFO] (Minecraft) Stopping!
